{"level":"fatal","error":"Not Found","time":"2025-10-21 12:45:37","caller":"/Users/laptop/Desktop/Projects/SmartBar/tg_bot/cmd/main.go:25","message":"failed to create a new BotAPI instance"}
{"level":"info","time":"2025-10-21 12:45:53","caller":"/Users/laptop/Desktop/Projects/SmartBar/tg_bot/cmd/main.go:48","message":"API started on :8080"}
{"level":"info","time":"2025-10-21 12:46:54","caller":"/Users/laptop/Desktop/Projects/SmartBar/tg_bot/cmd/main.go:48","message":"API started on :8080"}
{"level":"info","time":"2025-10-21 12:48:55","caller":"/Users/laptop/Desktop/Projects/SmartBar/tg_bot/cmd/main.go:48","message":"API started on :8080"}
{"level":"info","time":"2025-10-21 12:49:54","caller":"/Users/laptop/Desktop/Projects/SmartBar/tg_bot/cmd/main.go:48","message":"API started on :8080"}
{"level":"info","time":"2025-10-21 12:50:09","caller":"/Users/laptop/Desktop/Projects/SmartBar/tg_bot/internal/coctail/coctail_categories.go:180","message":"holiday: []"}
{"level":"info","time":"2025-10-21 12:52:27","caller":"/Users/laptop/Desktop/Projects/SmartBar/tg_bot/cmd/main.go:48","message":"API started on :8080"}
{"level":"info","time":"2025-10-21 12:52:42","caller":"/Users/laptop/Desktop/Projects/SmartBar/tg_bot/internal/coctail/coctail_categories.go:180","message":"holiday: []"}
{"level":"info","time":"2025-10-21 12:55:11","caller":"/Users/laptop/Desktop/Projects/SmartBar/tg_bot/cmd/main.go:48","message":"API started on :8080"}
{"level":"info","time":"2025-10-21 12:55:24","caller":"/Users/laptop/Desktop/Projects/SmartBar/tg_bot/internal/coctail/coctail_categories.go:180","message":"holiday: [halloween]"}
{"level":"info","time":"2025-10-21 12:56:27","caller":"/Users/laptop/Desktop/Projects/SmartBar/tg_bot/cmd/main.go:48","message":"API started on :8080"}
{"level":"info","time":"2025-10-21 12:56:39","caller":"/Users/laptop/Desktop/Projects/SmartBar/tg_bot/internal/coctail/coctail_categories.go:180","message":"holiday: [halloween]"}
{"level":"info","time":"2025-10-21 12:56:39","caller":"/Users/laptop/Desktop/Projects/SmartBar/tg_bot/internal/recommendation/recommendation.go:49","message":"recommendations: []"}
{"level":"info","time":"2025-10-21 12:58:05","caller":"/Users/laptop/Desktop/Projects/SmartBar/tg_bot/cmd/main.go:48","message":"API started on :8080"}
{"level":"info","time":"2025-10-21 12:58:15","caller":"/Users/laptop/Desktop/Projects/SmartBar/tg_bot/internal/coctail/coctail_categories.go:181","message":"holiday: [halloween]"}
{"level":"info","time":"2025-10-21 12:58:15","caller":"/Users/laptop/Desktop/Projects/SmartBar/tg_bot/internal/recommendation/recommendation.go:49","message":"recommendations: []"}
{"level":"info","time":"2025-10-21 12:59:16","caller":"/Users/laptop/Desktop/Projects/SmartBar/tg_bot/cmd/main.go:48","message":"API started on :8080"}
{"level":"info","time":"2025-10-21 12:59:33","caller":"/Users/laptop/Desktop/Projects/SmartBar/tg_bot/internal/coctail/coctail_categories.go:180","message":"holiday: [halloween]"}
{"level":"info","time":"2025-10-21 12:59:33","caller":"/Users/laptop/Desktop/Projects/SmartBar/tg_bot/internal/recommendation/recommendation.go:53","message":"recommendations: []"}
{"level":"info","time":"2025-10-21 13:03:33","caller":"/Users/laptop/Desktop/Projects/SmartBar/tg_bot/cmd/main.go:48","message":"API started on :8080"}
{"level":"info","time":"2025-10-21 13:04:53","caller":"/Users/laptop/Desktop/Projects/SmartBar/tg_bot/internal/coctail/coctail_categories.go:180","message":"holiday: [halloween]"}
{"level":"info","time":"2025-10-21 13:04:53","caller":"/Users/laptop/Desktop/Projects/SmartBar/tg_bot/internal/recommendation/recommendation.go:59","message":"recommendations: [18 2 1]"}
{"level":"info","time":"2025-10-21 16:36:35","caller":"/Users/laptop/Desktop/Projects/SmartBar/tg_bot/cmd/main.go:48","message":"API started on :8080"}
{"level":"info","time":"2025-10-21 16:36:50","caller":"/Users/laptop/Desktop/Projects/SmartBar/tg_bot/cmd/main.go:48","message":"API started on :8080"}
{"level":"info","time":"2025-10-21 16:38:56","caller":"/Users/laptop/Desktop/Projects/SmartBar/tg_bot/cmd/main.go:48","message":"API started on :8080"}
{"level":"fatal","error":"Not Found","time":"2025-10-29 00:52:14","caller":"/Users/laptop/Desktop/Projects/SmartBar/tg_bot/cmd/main.go:25","message":"failed to create a new BotAPI instance"}
{"level":"fatal","error":"Not Found","time":"2025-10-29 00:55:18","caller":"/Users/laptop/Desktop/Projects/SmartBar/tg_bot/cmd/main.go:25","message":"failed to create a new BotAPI instance"}
{"level":"info","time":"2025-10-29 00:56:16","caller":"/Users/laptop/Desktop/Projects/SmartBar/tg_bot/cmd/main.go:48","message":"API started on :8080"}
{"level":"info","time":"2025-10-29 00:57:37","caller":"/Users/laptop/Desktop/Projects/SmartBar/tg_bot/cmd/main.go:48","message":"API started on :8080"}
{"level":"info","time":"2025-10-29 00:57:54","caller":"/Users/laptop/Desktop/Projects/SmartBar/tg_bot/internal/coctail/coctail_categories.go:267","message":"holiday: [halloween]"}
{"level":"info","time":"2025-10-29 00:57:54","caller":"/Users/laptop/Desktop/Projects/SmartBar/tg_bot/internal/recommendation/recommendation.go:55","message":"recommendations: [18 2 11 6 4 10 8 9 3 7 19 16 15 14 12 13 2 18 19 23]"}
{"level":"info","time":"2025-10-29 00:58:03","caller":"/Users/laptop/Desktop/Projects/SmartBar/tg_bot/cmd/main.go:48","message":"API started on :8080"}
{"level":"info","time":"2025-10-29 00:58:22","caller":"/Users/laptop/Desktop/Projects/SmartBar/tg_bot/internal/coctail/coctail_categories.go:267","message":"holiday: [halloween]"}
{"level":"info","time":"2025-10-29 00:58:22","caller":"/Users/laptop/Desktop/Projects/SmartBar/tg_bot/internal/recommendation/recommendation.go:55","message":"recommendations: [18 2 11 6 4 10 8 9 3 7 19 16 15 14 12 13 2 3 7 12]"}
